2025-09-16 14:33:47,185 - trading_bot - INFO - MetaTrader 5 initialized successfully.
2025-09-16 14:33:47,186 - trading_bot - INFO - Logged in successfully.
2025-09-16 14:33:47,186 - trading_bot - INFO - Starting backtest...
2025-09-16 14:33:47,278 - trading_bot - INFO - SIMULATED TRADE OPENED - BUY at 1.17774 on 2025-07-04 18:00:00 (SL: 1.17724, TP: 1.17874)
2025-09-16 14:33:47,289 - trading_bot - INFO - SIMULATED TRADE CLOSED - Profit: -4.90, New Balance: 9995.10
2025-09-16 14:33:47,289 - trading_bot - INFO - SIMULATED TRADE OPENED - SELL at 1.1774499999999999 on 2025-07-04 21:00:00 (SL: 1.17795, TP: 1.17645)
2025-09-16 14:33:47,301 - trading_bot - INFO - SIMULATED TRADE CLOSED - Profit: 6.20, New Balance: 10001.30
2025-09-16 14:33:47,301 - trading_bot - INFO - SIMULATED TRADE OPENED - BUY at 1.17663 on 2025-07-04 23:45:00 (SL: 1.17613, TP: 1.17763)
2025-09-16 14:33:47,303 - trading_bot - INFO - SIMULATED TRADE CLOSED - Profit: 8.00, New Balance: 10009.30
2025-09-16 14:33:47,305 - trading_bot - INFO - SIMULATED TRADE OPENED - BUY at 1.17795 on 2025-07-07 00:30:00 (SL: 1.17745, TP: 1.17895)
2025-09-16 14:33:47,320 - trading_bot - INFO - SIMULATED TRADE CLOSED - Profit: -7.00, New Balance: 10002.30
2025-09-16 14:33:47,322 - trading_bot - INFO - SIMULATED TRADE OPENED - SELL at 1.17731 on 2025-07-07 05:00:00 (SL: 1.17781, TP: 1.17631)
2025-09-16 14:33:47,339 - trading_bot - INFO - SIMULATED TRADE CLOSED - Profit: 8.00, New Balance: 10010.30
2025-09-16 14:33:47,369 - trading_bot - INFO - SIMULATED TRADE OPENED - BUY at 1.17354 on 2025-07-07 17:00:00 (SL: 1.17304, TP: 1.17454)
2025-09-16 14:33:47,374 - trading_bot - INFO - SIMULATED TRADE CLOSED - Profit: -7.00, New Balance: 10003.30
2025-09-16 14:33:47,380 - trading_bot - INFO - SIMULATED TRADE OPENED - SELL at 1.1698 on 2025-07-07 20:00:00 (SL: 1.17030, TP: 1.16880)
2025-09-16 14:33:47,382 - trading_bot - INFO - SIMULATED TRADE CLOSED - Profit: -7.00, New Balance: 9996.30
2025-09-16 14:33:47,395 - trading_bot - INFO - SIMULATED TRADE OPENED - BUY at 1.1706699999999999 on 2025-07-07 23:45:00 (SL: 1.17017, TP: 1.17167)
2025-09-16 14:33:47,400 - trading_bot - INFO - SIMULATED TRADE CLOSED - Profit: 8.00, New Balance: 10004.30
2025-09-16 14:33:47,401 - trading_bot - INFO - SIMULATED TRADE OPENED - SELL at 1.17185 on 2025-07-08 01:15:00 (SL: 1.17235, TP: 1.17085)
2025-09-16 14:33:47,403 - trading_bot - INFO - SIMULATED TRADE CLOSED - Profit: -7.00, New Balance: 9997.30
2025-09-16 14:33:47,405 - trading_bot - INFO - SIMULATED TRADE OPENED - BUY at 1.17352 on 2025-07-08 02:00:00 (SL: 1.17302, TP: 1.17452)
2025-09-16 14:33:47,409 - trading_bot - INFO - SIMULATED TRADE CLOSED - Profit: 8.00, New Balance: 10005.30
2025-09-16 14:33:47,433 - trading_bot - INFO - SIMULATED TRADE OPENED - SELL at 1.17361 on 2025-07-08 09:15:00 (SL: 1.17411, TP: 1.17261)
2025-09-16 14:33:47,435 - trading_bot - INFO - SIMULATED TRADE CLOSED - Profit: -7.00, New Balance: 9998.30
2025-09-16 14:33:47,440 - trading_bot - INFO - SIMULATED TRADE OPENED - BUY at 1.17596 on 2025-07-08 10:45:00 (SL: 1.17546, TP: 1.17696)
2025-09-16 14:33:47,444 - trading_bot - INFO - SIMULATED TRADE CLOSED - Profit: -7.00, New Balance: 9991.30
2025-09-16 14:33:47,451 - trading_bot - INFO - SIMULATED TRADE OPENED - SELL at 1.17262 on 2025-07-08 13:30:00 (SL: 1.17312, TP: 1.17162)
2025-09-16 14:33:47,453 - trading_bot - INFO - SIMULATED TRADE CLOSED - Profit: -7.00, New Balance: 9984.30
2025-09-16 14:33:47,476 - trading_bot - INFO - SIMULATED TRADE OPENED - BUY at 1.17167 on 2025-07-08 20:15:00 (SL: 1.17117, TP: 1.17267)
2025-09-16 14:33:47,487 - trading_bot - INFO - SIMULATED TRADE CLOSED - Profit: 8.00, New Balance: 9992.30
2025-09-16 14:33:47,498 - trading_bot - INFO - SIMULATED TRADE OPENED - SELL at 1.17267 on 2025-07-09 02:00:00 (SL: 1.17317, TP: 1.17167)
2025-09-16 14:33:47,501 - trading_bot - INFO - SIMULATED TRADE CLOSED - Profit: 2.40, New Balance: 9994.70
2025-09-16 14:33:47,501 - trading_bot - INFO - SIMULATED TRADE OPENED - BUY at 1.1722299999999999 on 2025-07-09 02:30:00 (SL: 1.17173, TP: 1.17323)
2025-09-16 14:33:47,509 - trading_bot - INFO - SIMULATED TRADE CLOSED - Profit: -3.30, New Balance: 9991.40
2025-09-16 14:33:47,509 - trading_bot - INFO - SIMULATED TRADE OPENED - SELL at 1.1721 on 2025-07-09 04:15:00 (SL: 1.17260, TP: 1.17110)
2025-09-16 14:33:47,514 - trading_bot - INFO - SIMULATED TRADE CLOSED - Profit: 8.00, New Balance: 9999.40
2025-09-16 14:33:47,530 - trading_bot - INFO - SIMULATED TRADE OPENED - BUY at 1.17181 on 2025-07-09 09:30:00 (SL: 1.17131, TP: 1.17281)
2025-09-16 14:33:47,534 - trading_bot - INFO - SIMULATED TRADE CLOSED - Profit: -7.00, New Balance: 9992.40
2025-09-16 14:33:47,542 - trading_bot - INFO - SIMULATED TRADE OPENED - SELL at 1.17079 on 2025-07-09 12:30:00 (SL: 1.17129, TP: 1.16979)
2025-09-16 14:33:47,543 - trading_bot - INFO - SIMULATED TRADE CLOSED - Profit: -7.00, New Balance: 9985.40
2025-09-16 14:33:47,560 - trading_bot - INFO - SIMULATED TRADE OPENED - BUY at 1.17187 on 2025-07-09 17:15:00 (SL: 1.17137, TP: 1.17287)
2025-09-16 14:33:47,564 - trading_bot - INFO - SIMULATED TRADE CLOSED - Profit: -7.00, New Balance: 9978.40
2025-09-16 14:33:47,572 - trading_bot - INFO - SIMULATED TRADE OPENED - SELL at 1.17082 on 2025-07-09 20:00:00 (SL: 1.17132, TP: 1.16982)
2025-09-16 14:33:47,576 - trading_bot - INFO - SIMULATED TRADE CLOSED - Profit: -7.00, New Balance: 9971.40
2025-09-16 14:33:47,580 - trading_bot - INFO - SIMULATED TRADE OPENED - BUY at 1.17159 on 2025-07-09 22:00:00 (SL: 1.17109, TP: 1.17259)
2025-09-16 14:33:47,597 - trading_bot - INFO - SIMULATED TRADE CLOSED - Profit: 8.00, New Balance: 9979.40
2025-09-16 14:33:47,616 - trading_bot - INFO - SIMULATED TRADE OPENED - SELL at 1.17316 on 2025-07-10 07:15:00 (SL: 1.17366, TP: 1.17216)
2025-09-16 14:33:47,620 - trading_bot - INFO - SIMULATED TRADE CLOSED - Profit: -7.00, New Balance: 9972.40
2025-09-16 14:33:47,627 - trading_bot - INFO - SIMULATED TRADE OPENED - BUY at 1.17326 on 2025-07-10 10:15:00 (SL: 1.17276, TP: 1.17426)
2025-09-16 14:33:47,628 - trading_bot - INFO - SIMULATED TRADE CLOSED - Profit: -7.00, New Balance: 9965.40
2025-09-16 14:33:47,630 - trading_bot - INFO - SIMULATED TRADE OPENED - SELL at 1.17326 on 2025-07-10 10:45:00 (SL: 1.17376, TP: 1.17226)
2025-09-16 14:33:47,642 - trading_bot - INFO - SIMULATED TRADE CLOSED - Profit: 8.00, New Balance: 9973.40
2025-09-16 14:33:47,669 - trading_bot - INFO - SIMULATED TRADE OPENED - BUY at 1.16917 on 2025-07-10 21:15:00 (SL: 1.16867, TP: 1.17017)
2025-09-16 14:33:47,682 - trading_bot - INFO - SIMULATED TRADE CLOSED - Profit: 8.00, New Balance: 9981.40
2025-09-16 14:33:47,694 - trading_bot - INFO - SIMULATED TRADE OPENED - SELL at 1.16742 on 2025-07-11 03:45:00 (SL: 1.16792, TP: 1.16642)
2025-09-16 14:33:47,698 - trading_bot - INFO - SIMULATED TRADE CLOSED - Profit: -7.00, New Balance: 9974.40
2025-09-16 14:33:47,711 - trading_bot - INFO - SIMULATED TRADE OPENED - BUY at 1.168 on 2025-07-11 08:15:00 (SL: 1.16750, TP: 1.16900)
2025-09-16 14:33:47,716 - trading_bot - INFO - SIMULATED TRADE CLOSED - Profit: -1.80, New Balance: 9972.60
2025-09-16 14:33:47,716 - trading_bot - INFO - SIMULATED TRADE OPENED - SELL at 1.16802 on 2025-07-11 09:15:00 (SL: 1.16852, TP: 1.16702)
2025-09-16 14:33:47,720 - trading_bot - INFO - SIMULATED TRADE CLOSED - Profit: 3.90, New Balance: 9976.50
2025-09-16 14:33:47,720 - trading_bot - INFO - SIMULATED TRADE OPENED - BUY at 1.16743 on 2025-07-11 09:45:00 (SL: 1.16693, TP: 1.16843)
2025-09-16 14:33:47,722 - trading_bot - INFO - SIMULATED TRADE CLOSED - Profit: 8.00, New Balance: 9984.50
2025-09-16 14:33:47,748 - trading_bot - INFO - SIMULATED TRADE OPENED - SELL at 1.17023 on 2025-07-11 16:30:00 (SL: 1.17073, TP: 1.16923)
2025-09-16 14:33:47,749 - trading_bot - INFO - SIMULATED TRADE CLOSED - Profit: 8.00, New Balance: 9992.50
2025-09-16 14:33:47,750 - trading_bot - INFO - SIMULATED TRADE OPENED - SELL at 1.16834 on 2025-07-11 17:00:00 (SL: 1.16884, TP: 1.16734)
2025-09-16 14:33:47,753 - trading_bot - INFO - SIMULATED TRADE CLOSED - Profit: -7.00, New Balance: 9985.50
2025-09-16 14:33:47,756 - trading_bot - INFO - SIMULATED TRADE OPENED - BUY at 1.17009 on 2025-07-11 18:30:00 (SL: 1.16959, TP: 1.17109)
2025-09-16 14:33:47,757 - trading_bot - INFO - SIMULATED TRADE CLOSED - Profit: -7.00, New Balance: 9978.50
2025-09-16 14:33:47,760 - trading_bot - INFO - SIMULATED TRADE OPENED - SELL at 1.16928 on 2025-07-11 19:00:00 (SL: 1.16978, TP: 1.16828)
2025-09-16 14:33:47,762 - trading_bot - INFO - SIMULATED TRADE CLOSED - Profit: -0.90, New Balance: 9977.60
2025-09-16 14:33:47,762 - trading_bot - INFO - SIMULATED TRADE OPENED - BUY at 1.16917 on 2025-07-11 19:15:00 (SL: 1.16867, TP: 1.17017)
2025-09-16 14:33:47,770 - trading_bot - INFO - SIMULATED TRADE CLOSED - Profit: -1.70, New Balance: 9975.90
2025-09-16 14:33:47,771 - trading_bot - INFO - SIMULATED TRADE OPENED - SELL at 1.1692 on 2025-07-11 21:30:00 (SL: 1.16970, TP: 1.16820)
2025-09-16 14:33:47,773 - trading_bot - INFO - SIMULATED TRADE CLOSED - Profit: 3.10, New Balance: 9979.00
2025-09-16 14:33:47,774 - trading_bot - INFO - SIMULATED TRADE OPENED - BUY at 1.16869 on 2025-07-11 22:00:00 (SL: 1.16819, TP: 1.16969)
2025-09-16 14:33:47,775 - trading_bot - INFO - SIMULATED TRADE CLOSED - Profit: 0.60, New Balance: 9979.60
2025-09-16 14:33:47,775 - trading_bot - INFO - SIMULATED TRADE OPENED - SELL at 1.16895 on 2025-07-11 22:15:00 (SL: 1.16945, TP: 1.16795)
2025-09-16 14:33:47,784 - trading_bot - INFO - SIMULATED TRADE CLOSED - Profit: 8.00, New Balance: 9987.60
2025-09-16 14:33:47,798 - trading_bot - INFO - SIMULATED TRADE OPENED - BUY at 1.16929 on 2025-07-14 03:45:00 (SL: 1.16879, TP: 1.17029)
2025-09-16 14:33:47,803 - trading_bot - INFO - SIMULATED TRADE CLOSED - Profit: -7.00, New Balance: 9980.60
2025-09-16 14:33:47,810 - trading_bot - INFO - SIMULATED TRADE OPENED - SELL at 1.16806 on 2025-07-14 06:45:00 (SL: 1.16856, TP: 1.16706)
2025-09-16 14:33:47,817 - trading_bot - INFO - SIMULATED TRADE CLOSED - Profit: 8.00, New Balance: 9988.60
2025-09-16 14:33:47,829 - trading_bot - INFO - SIMULATED TRADE OPENED - BUY at 1.16852 on 2025-07-14 11:30:00 (SL: 1.16802, TP: 1.16952)
2025-09-16 14:33:47,847 - trading_bot - INFO - SIMULATED TRADE CLOSED - Profit: -7.00, New Balance: 9981.60
2025-09-16 14:33:47,849 - trading_bot - INFO - SIMULATED TRADE OPENED - SELL at 1.1679 on 2025-07-14 16:30:00 (SL: 1.16840, TP: 1.16690)
2025-09-16 14:33:47,852 - trading_bot - INFO - SIMULATED TRADE CLOSED - Profit: -7.00, New Balance: 9974.60
2025-09-16 14:33:47,875 - trading_bot - INFO - SIMULATED TRADE OPENED - BUY at 1.16659 on 2025-07-14 23:30:00 (SL: 1.16609, TP: 1.16759)
2025-09-16 14:33:47,878 - trading_bot - INFO - SIMULATED TRADE CLOSED - Profit: -7.00, New Balance: 9967.60
2025-09-16 14:33:47,881 - trading_bot - INFO - SIMULATED TRADE OPENED - SELL at 1.16633 on 2025-07-15 00:45:00 (SL: 1.16683, TP: 1.16533)
2025-09-16 14:33:47,890 - trading_bot - INFO - SIMULATED TRADE CLOSED - Profit: -7.00, New Balance: 9960.60
2025-09-16 14:33:47,892 - trading_bot - INFO - SIMULATED TRADE OPENED - BUY at 1.16737 on 2025-07-15 03:30:00 (SL: 1.16687, TP: 1.16837)
2025-09-16 14:33:47,895 - trading_bot - INFO - SIMULATED TRADE CLOSED - Profit: -7.00, New Balance: 9953.60
2025-09-16 14:33:47,934 - trading_bot - INFO - SIMULATED TRADE OPENED - SELL at 1.16832 on 2025-07-15 13:45:00 (SL: 1.16882, TP: 1.16732)
2025-09-16 14:33:47,936 - trading_bot - INFO - SIMULATED TRADE CLOSED - Profit: 8.00, New Balance: 9961.60
2025-09-16 14:33:47,970 - trading_bot - INFO - SIMULATED TRADE OPENED - BUY at 1.16018 on 2025-07-15 23:45:00 (SL: 1.15968, TP: 1.16118)
2025-09-16 14:33:47,986 - trading_bot - INFO - SIMULATED TRADE CLOSED - Profit: 8.00, New Balance: 9969.60
2025-09-16 14:33:48,018 - trading_bot - INFO - SIMULATED TRADE OPENED - SELL at 1.16129 on 2025-07-16 13:00:00 (SL: 1.16179, TP: 1.16029)
2025-09-16 14:33:48,025 - trading_bot - INFO - SIMULATED TRADE CLOSED - Profit: 8.00, New Balance: 9977.60
2025-09-16 14:33:48,042 - trading_bot - INFO - SIMULATED TRADE OPENED - BUY at 1.16289 on 2025-07-16 18:45:00 (SL: 1.16239, TP: 1.16389)
2025-09-16 14:33:48,044 - trading_bot - INFO - SIMULATED TRADE CLOSED - Profit: 8.00, New Balance: 9985.60
2025-09-16 14:33:48,059 - trading_bot - INFO - SIMULATED TRADE OPENED - SELL at 1.16354 on 2025-07-16 22:45:00 (SL: 1.16404, TP: 1.16254)
2025-09-16 14:33:48,061 - trading_bot - INFO - SIMULATED TRADE CLOSED - Profit: -7.00, New Balance: 9978.60
2025-09-16 14:33:48,069 - trading_bot - INFO - SIMULATED TRADE OPENED - BUY at 1.1638 on 2025-07-17 01:15:00 (SL: 1.16330, TP: 1.16480)
2025-09-16 14:33:48,076 - trading_bot - INFO - SIMULATED TRADE CLOSED - Profit: -7.00, New Balance: 9971.60
2025-09-16 14:33:48,079 - trading_bot - INFO - SIMULATED TRADE OPENED - SELL at 1.16201 on 2025-07-17 03:30:00 (SL: 1.16251, TP: 1.16101)
2025-09-16 14:33:48,084 - trading_bot - INFO - SIMULATED TRADE CLOSED - Profit: -7.00, New Balance: 9964.60
2025-09-16 14:33:48,100 - trading_bot - INFO - SIMULATED TRADE OPENED - BUY at 1.1608100000000001 on 2025-07-17 09:00:00 (SL: 1.16031, TP: 1.16181)
2025-09-16 14:33:48,102 - trading_bot - INFO - SIMULATED TRADE CLOSED - Profit: -7.00, New Balance: 9957.60
2025-09-16 14:33:48,132 - trading_bot - INFO - SIMULATED TRADE OPENED - BUY at 1.15892 on 2025-07-17 17:30:00 (SL: 1.15842, TP: 1.15992)
2025-09-16 14:33:48,139 - trading_bot - INFO - SIMULATED TRADE CLOSED - Profit: 8.00, New Balance: 9965.60
2025-09-16 14:33:48,148 - trading_bot - INFO - SIMULATED TRADE OPENED - SELL at 1.15831 on 2025-07-17 21:15:00 (SL: 1.15881, TP: 1.15731)
2025-09-16 14:33:48,151 - trading_bot - INFO - SIMULATED TRADE CLOSED - Profit: -7.00, New Balance: 9958.60
2025-09-16 14:33:48,157 - trading_bot - INFO - SIMULATED TRADE OPENED - BUY at 1.15949 on 2025-07-17 23:15:00 (SL: 1.15899, TP: 1.16049)
2025-09-16 14:33:48,166 - trading_bot - INFO - SIMULATED TRADE CLOSED - Profit: 8.00, New Balance: 9966.60
2025-09-16 14:33:48,191 - trading_bot - INFO - SIMULATED TRADE OPENED - SELL at 1.16145 on 2025-07-18 08:15:00 (SL: 1.16195, TP: 1.16045)
2025-09-16 14:33:48,197 - trading_bot - INFO - SIMULATED TRADE CLOSED - Profit: -7.00, New Balance: 9959.60
2025-09-16 14:33:48,203 - trading_bot - INFO - SIMULATED TRADE OPENED - BUY at 1.1638600000000001 on 2025-07-18 11:15:00 (SL: 1.16336, TP: 1.16486)
2025-09-16 14:33:48,210 - trading_bot - INFO - SIMULATED TRADE CLOSED - Profit: -7.00, New Balance: 9952.60
2025-09-16 14:33:48,235 - trading_bot - INFO - SIMULATED TRADE OPENED - SELL at 1.16328 on 2025-07-18 19:15:00 (SL: 1.16378, TP: 1.16228)
2025-09-16 14:33:48,240 - trading_bot - INFO - SIMULATED TRADE CLOSED - Profit: 8.00, New Balance: 9960.60
2025-09-16 14:33:48,256 - trading_bot - INFO - SIMULATED TRADE OPENED - BUY at 1.16348 on 2025-07-21 00:45:00 (SL: 1.16298, TP: 1.16448)
2025-09-16 14:33:48,258 - trading_bot - INFO - SIMULATED TRADE CLOSED - Profit: -7.00, New Balance: 9953.60
2025-09-16 14:33:48,269 - trading_bot - INFO - SIMULATED TRADE OPENED - SELL at 1.16239 on 2025-07-21 04:00:00 (SL: 1.16289, TP: 1.16139)
2025-09-16 14:33:48,285 - trading_bot - INFO - SIMULATED TRADE CLOSED - Profit: -7.00, New Balance: 9946.60
2025-09-16 14:33:48,339 - trading_bot - INFO - SIMULATED TRADE OPENED - SELL at 1.16953 on 2025-07-21 22:00:00 (SL: 1.17003, TP: 1.16853)
2025-09-16 14:33:48,353 - trading_bot - INFO - SIMULATED TRADE CLOSED - Profit: -0.10, New Balance: 9946.50
2025-09-16 14:33:48,353 - trading_bot - INFO - SIMULATED TRADE OPENED - BUY at 1.16934 on 2025-07-22 01:30:00 (SL: 1.16884, TP: 1.17034)
2025-09-16 14:33:48,359 - trading_bot - INFO - SIMULATED TRADE CLOSED - Profit: -7.00, New Balance: 9939.50
2025-09-16 14:33:48,364 - trading_bot - INFO - SIMULATED TRADE OPENED - SELL at 1.16882 on 2025-07-22 04:00:00 (SL: 1.16932, TP: 1.16782)
2025-09-16 14:33:48,369 - trading_bot - INFO - SIMULATED TRADE CLOSED - Profit: -7.00, New Balance: 9932.50
2025-09-16 14:33:48,378 - trading_bot - INFO - SIMULATED TRADE OPENED - BUY at 1.16922 on 2025-07-22 07:15:00 (SL: 1.16872, TP: 1.17022)
2025-09-16 14:33:48,379 - trading_bot - INFO - SIMULATED TRADE CLOSED - Profit: -3.30, New Balance: 9929.20
2025-09-16 14:33:48,380 - trading_bot - INFO - SIMULATED TRADE OPENED - SELL at 1.16909 on 2025-07-22 07:30:00 (SL: 1.16959, TP: 1.16809)
2025-09-16 14:33:48,383 - trading_bot - INFO - SIMULATED TRADE CLOSED - Profit: 1.40, New Balance: 9930.60
2025-09-16 14:33:48,383 - trading_bot - INFO - SIMULATED TRADE OPENED - BUY at 1.16875 on 2025-07-22 08:15:00 (SL: 1.16825, TP: 1.16975)
2025-09-16 14:33:48,385 - trading_bot - INFO - SIMULATED TRADE CLOSED - Profit: -2.80, New Balance: 9927.80
2025-09-16 14:33:48,385 - trading_bot - INFO - SIMULATED TRADE OPENED - SELL at 1.16867 on 2025-07-22 08:45:00 (SL: 1.16917, TP: 1.16767)
2025-09-16 14:33:48,388 - trading_bot - INFO - SIMULATED TRADE CLOSED - Profit: -0.60, New Balance: 9927.20
2025-09-16 14:33:48,389 - trading_bot - INFO - SIMULATED TRADE OPENED - BUY at 1.16853 on 2025-07-22 09:15:00 (SL: 1.16803, TP: 1.16953)
2025-09-16 14:33:48,390 - trading_bot - INFO - SIMULATED TRADE CLOSED - Profit: -2.10, New Balance: 9925.10
2025-09-16 14:33:48,390 - trading_bot - INFO - SIMULATED TRADE OPENED - SELL at 1.16852 on 2025-07-22 09:30:00 (SL: 1.16902, TP: 1.16752)
2025-09-16 14:33:48,392 - trading_bot - INFO - SIMULATED TRADE CLOSED - Profit: -7.00, New Balance: 9918.10
2025-09-16 14:33:48,400 - trading_bot - INFO - SIMULATED TRADE OPENED - BUY at 1.1698 on 2025-07-22 11:45:00 (SL: 1.16930, TP: 1.17080)
2025-09-16 14:33:48,414 - trading_bot - INFO - SIMULATED TRADE CLOSED - Profit: -7.00, New Balance: 9911.10
2025-09-16 14:33:48,418 - trading_bot - INFO - SIMULATED TRADE OPENED - SELL at 1.16826 on 2025-07-22 16:00:00 (SL: 1.16876, TP: 1.16726)
2025-09-16 14:33:48,419 - trading_bot - INFO - SIMULATED TRADE CLOSED - Profit: -7.00, New Balance: 9904.10
2025-09-16 14:33:48,428 - trading_bot - INFO - SIMULATED TRADE OPENED - BUY at 1.17334 on 2025-07-22 18:15:00 (SL: 1.17284, TP: 1.17434)
2025-09-16 14:33:48,430 - trading_bot - INFO - SIMULATED TRADE CLOSED - Profit: 8.00, New Balance: 9912.10
2025-09-16 14:33:48,460 - trading_bot - INFO - SIMULATED TRADE OPENED - SELL at 1.17382 on 2025-07-23 02:30:00 (SL: 1.17432, TP: 1.17282)
2025-09-16 14:33:48,465 - trading_bot - INFO - SIMULATED TRADE CLOSED - Profit: -7.00, New Balance: 9905.10
2025-09-16 14:33:48,493 - trading_bot - INFO - SIMULATED TRADE OPENED - BUY at 1.17432 on 2025-07-23 11:00:00 (SL: 1.17382, TP: 1.17532)
2025-09-16 14:33:48,494 - trading_bot - INFO - SIMULATED TRADE CLOSED - Profit: -7.00, New Balance: 9898.10
2025-09-16 14:33:48,503 - trading_bot - INFO - SIMULATED TRADE OPENED - SELL at 1.17333 on 2025-07-23 13:15:00 (SL: 1.17383, TP: 1.17233)
2025-09-16 14:33:48,512 - trading_bot - INFO - SIMULATED TRADE CLOSED - Profit: 8.00, New Balance: 9906.10
2025-09-16 14:33:48,528 - trading_bot - INFO - SIMULATED TRADE OPENED - BUY at 1.17332 on 2025-07-23 18:15:00 (SL: 1.17282, TP: 1.17432)
2025-09-16 14:33:48,529 - trading_bot - INFO - SIMULATED TRADE CLOSED - Profit: -7.00, New Balance: 9899.10
2025-09-16 14:33:48,569 - trading_bot - INFO - SIMULATED TRADE OPENED - SELL at 1.17755 on 2025-07-24 04:15:00 (SL: 1.17805, TP: 1.17655)
2025-09-16 14:33:48,576 - trading_bot - INFO - SIMULATED TRADE CLOSED - Profit: -5.60, New Balance: 9893.50
2025-09-16 14:33:48,577 - trading_bot - INFO - SIMULATED TRADE OPENED - BUY at 1.17791 on 2025-07-24 06:00:00 (SL: 1.17741, TP: 1.17891)
2025-09-16 14:33:48,585 - trading_bot - INFO - SIMULATED TRADE CLOSED - Profit: -7.00, New Balance: 9886.50
2025-09-16 14:33:48,590 - trading_bot - INFO - SIMULATED TRADE OPENED - SELL at 1.17677 on 2025-07-24 09:00:00 (SL: 1.17727, TP: 1.17577)
2025-09-16 14:33:48,594 - trading_bot - INFO - SIMULATED TRADE CLOSED - Profit: 8.00, New Balance: 9894.50
2025-09-16 14:33:48,621 - trading_bot - INFO - SIMULATED TRADE OPENED - BUY at 1.17714 on 2025-07-24 16:45:00 (SL: 1.17664, TP: 1.17814)
2025-09-16 14:33:48,622 - trading_bot - INFO - SIMULATED TRADE CLOSED - Profit: 8.00, New Balance: 9902.50
2025-09-16 14:33:48,638 - trading_bot - INFO - SIMULATED TRADE OPENED - SELL at 1.17629 on 2025-07-24 21:00:00 (SL: 1.17679, TP: 1.17529)
2025-09-16 14:33:48,644 - trading_bot - INFO - SIMULATED TRADE CLOSED - Profit: -5.30, New Balance: 9897.20
2025-09-16 14:33:48,645 - trading_bot - INFO - SIMULATED TRADE OPENED - BUY at 1.17662 on 2025-07-24 22:30:00 (SL: 1.17612, TP: 1.17762)
2025-09-16 14:33:48,647 - trading_bot - INFO - SIMULATED TRADE CLOSED - Profit: -7.00, New Balance: 9890.20
2025-09-16 14:33:48,648 - trading_bot - INFO - SIMULATED TRADE OPENED - SELL at 1.1758 on 2025-07-24 23:00:00 (SL: 1.17630, TP: 1.17480)
2025-09-16 14:33:48,651 - trading_bot - INFO - SIMULATED TRADE CLOSED - Profit: 8.00, New Balance: 9898.20
2025-09-16 14:33:48,667 - trading_bot - INFO - SIMULATED TRADE OPENED - BUY at 1.17539 on 2025-07-25 03:45:00 (SL: 1.17489, TP: 1.17639)
2025-09-16 14:33:48,669 - trading_bot - INFO - SIMULATED TRADE CLOSED - Profit: -7.00, New Balance: 9891.20
2025-09-16 14:33:48,674 - trading_bot - INFO - SIMULATED TRADE OPENED - SELL at 1.17418 on 2025-07-25 05:15:00 (SL: 1.17468, TP: 1.17318)
2025-09-16 14:33:48,689 - trading_bot - INFO - SIMULATED TRADE CLOSED - Profit: -7.00, New Balance: 9884.20
2025-09-16 14:33:48,704 - trading_bot - INFO - SIMULATED TRADE OPENED - SELL at 1.17344 on 2025-07-25 12:45:00 (SL: 1.17394, TP: 1.17244)
2025-09-16 14:33:48,708 - trading_bot - INFO - SIMULATED TRADE CLOSED - Profit: 8.00, New Balance: 9892.20
2025-09-16 14:33:48,727 - trading_bot - INFO - SIMULATED TRADE OPENED - BUY at 1.17278 on 2025-07-25 18:30:00 (SL: 1.17228, TP: 1.17378)
2025-09-16 14:33:48,737 - trading_bot - INFO - SIMULATED TRADE CLOSED - Profit: 8.00, New Balance: 9900.20
2025-09-16 14:33:48,771 - trading_bot - INFO - SIMULATED TRADE OPENED - SELL at 1.17544 on 2025-07-28 05:45:00 (SL: 1.17594, TP: 1.17444)
2025-09-16 14:33:48,780 - trading_bot - INFO - SIMULATED TRADE CLOSED - Profit: 8.00, New Balance: 9908.20
2025-09-16 14:33:48,848 - trading_bot - INFO - SIMULATED TRADE OPENED - BUY at 1.15896 on 2025-07-29 02:15:00 (SL: 1.15846, TP: 1.15996)
2025-09-16 14:33:48,854 - trading_bot - INFO - SIMULATED TRADE CLOSED - Profit: -7.00, New Balance: 9901.20
2025-09-16 14:33:48,857 - trading_bot - INFO - SIMULATED TRADE OPENED - SELL at 1.15956 on 2025-07-29 04:30:00 (SL: 1.16006, TP: 1.15856)
2025-09-16 14:33:48,859 - trading_bot - INFO - SIMULATED TRADE CLOSED - Profit: 3.10, New Balance: 9904.30
2025-09-16 14:33:48,859 - trading_bot - INFO - SIMULATED TRADE OPENED - BUY at 1.15905 on 2025-07-29 04:45:00 (SL: 1.15855, TP: 1.16005)
2025-09-16 14:33:48,862 - trading_bot - INFO - SIMULATED TRADE CLOSED - Profit: 5.00, New Balance: 9909.30
2025-09-16 14:33:48,862 - trading_bot - INFO - SIMULATED TRADE OPENED - SELL at 1.15975 on 2025-07-29 05:15:00 (SL: 1.16025, TP: 1.15875)
2025-09-16 14:33:48,864 - trading_bot - INFO - SIMULATED TRADE CLOSED - Profit: -1.00, New Balance: 9908.30
2025-09-16 14:33:48,864 - trading_bot - INFO - SIMULATED TRADE OPENED - BUY at 1.15965 on 2025-07-29 05:45:00 (SL: 1.15915, TP: 1.16065)
2025-09-16 14:33:48,866 - trading_bot - INFO - SIMULATED TRADE CLOSED - Profit: -7.00, New Balance: 9901.30
2025-09-16 14:33:48,871 - trading_bot - INFO - SIMULATED TRADE OPENED - SELL at 1.15779 on 2025-07-29 07:15:00 (SL: 1.15829, TP: 1.15679)
2025-09-16 14:33:48,873 - trading_bot - INFO - SIMULATED TRADE CLOSED - Profit: -7.00, New Balance: 9894.30
2025-09-16 14:33:48,894 - trading_bot - INFO - SIMULATED TRADE OPENED - BUY at 1.15777 on 2025-07-29 13:00:00 (SL: 1.15727, TP: 1.15877)
2025-09-16 14:33:48,898 - trading_bot - INFO - SIMULATED TRADE CLOSED - Profit: -7.00, New Balance: 9887.30
2025-09-16 14:33:48,906 - trading_bot - INFO - SIMULATED TRADE OPENED - SELL at 1.15307 on 2025-07-29 15:30:00 (SL: 1.15357, TP: 1.15207)
2025-09-16 14:33:48,908 - trading_bot - INFO - SIMULATED TRADE CLOSED - Profit: 8.00, New Balance: 9895.30
2025-09-16 14:33:48,924 - trading_bot - INFO - SIMULATED TRADE OPENED - BUY at 1.15412 on 2025-07-29 19:45:00 (SL: 1.15362, TP: 1.15512)
2025-09-16 14:33:48,926 - trading_bot - INFO - SIMULATED TRADE CLOSED - Profit: 8.00, New Balance: 9903.30
2025-09-16 14:33:48,946 - trading_bot - INFO - SIMULATED TRADE OPENED - SELL at 1.15484 on 2025-07-30 01:00:00 (SL: 1.15534, TP: 1.15384)
2025-09-16 14:33:48,954 - trading_bot - INFO - SIMULATED TRADE CLOSED - Profit: -7.00, New Balance: 9896.30
2025-09-16 14:33:48,956 - trading_bot - INFO - SIMULATED TRADE OPENED - BUY at 1.1561 on 2025-07-30 03:15:00 (SL: 1.15560, TP: 1.15710)
2025-09-16 14:33:48,971 - trading_bot - INFO - SIMULATED TRADE CLOSED - Profit: -7.00, New Balance: 9889.30
2025-09-16 14:33:48,974 - trading_bot - INFO - SIMULATED TRADE OPENED - SELL at 1.15507 on 2025-07-30 07:45:00 (SL: 1.15557, TP: 1.15407)
2025-09-16 14:33:48,978 - trading_bot - INFO - SIMULATED TRADE CLOSED - Profit: -7.00, New Balance: 9882.30
2025-09-16 14:33:48,990 - trading_bot - INFO - SIMULATED TRADE OPENED - BUY at 1.15563 on 2025-07-30 11:30:00 (SL: 1.15513, TP: 1.15663)
2025-09-16 14:33:48,994 - trading_bot - INFO - SIMULATED TRADE CLOSED - Profit: -7.00, New Balance: 9875.30
2025-09-16 14:33:48,996 - trading_bot - INFO - SIMULATED TRADE OPENED - SELL at 1.15514 on 2025-07-30 12:45:00 (SL: 1.15564, TP: 1.15414)
2025-09-16 14:33:48,999 - trading_bot - INFO - SIMULATED TRADE CLOSED - Profit: 8.00, New Balance: 9883.30
2025-09-16 14:33:49,028 - trading_bot - INFO - SIMULATED TRADE OPENED - BUY at 1.14849 on 2025-07-30 21:00:00 (SL: 1.14799, TP: 1.14949)
2025-09-16 14:33:49,031 - trading_bot - INFO - SIMULATED TRADE CLOSED - Profit: -7.00, New Balance: 9876.30
2025-09-16 14:33:49,033 - trading_bot - INFO - SIMULATED TRADE OPENED - SELL at 1.14317 on 2025-07-30 22:00:00 (SL: 1.14367, TP: 1.14217)
2025-09-16 14:33:49,034 - trading_bot - INFO - SIMULATED TRADE CLOSED - Profit: 8.00, New Balance: 9884.30
2025-09-16 14:33:49,053 - trading_bot - INFO - SIMULATED TRADE OPENED - BUY at 1.14339 on 2025-07-31 03:00:00 (SL: 1.14289, TP: 1.14439)
2025-09-16 14:33:49,062 - trading_bot - INFO - SIMULATED TRADE CLOSED - Profit: -7.00, New Balance: 9877.30
2025-09-16 14:33:49,068 - trading_bot - INFO - SIMULATED TRADE OPENED - SELL at 1.14227 on 2025-07-31 06:45:00 (SL: 1.14277, TP: 1.14127)
2025-09-16 14:33:49,072 - trading_bot - INFO - SIMULATED TRADE CLOSED - Profit: -7.00, New Balance: 9870.30
2025-09-16 14:33:49,076 - trading_bot - INFO - SIMULATED TRADE OPENED - BUY at 1.14361 on 2025-07-31 08:45:00 (SL: 1.14311, TP: 1.14461)
2025-09-16 14:33:49,079 - trading_bot - INFO - SIMULATED TRADE CLOSED - Profit: 8.00, New Balance: 9878.30
2025-09-16 14:33:49,095 - trading_bot - INFO - SIMULATED TRADE OPENED - SELL at 1.14361 on 2025-07-31 13:00:00 (SL: 1.14411, TP: 1.14261)
2025-09-16 14:33:49,099 - trading_bot - INFO - SIMULATED TRADE CLOSED - Profit: -7.00, New Balance: 9871.30
2025-09-16 14:33:49,120 - trading_bot - INFO - SIMULATED TRADE OPENED - BUY at 1.14245 on 2025-07-31 19:15:00 (SL: 1.14195, TP: 1.14345)
2025-09-16 14:33:49,125 - trading_bot - INFO - SIMULATED TRADE CLOSED - Profit: -6.20, New Balance: 9865.10
2025-09-16 14:33:49,125 - trading_bot - INFO - SIMULATED TRADE OPENED - SELL at 1.14203 on 2025-07-31 20:30:00 (SL: 1.14253, TP: 1.14103)
2025-09-16 14:33:49,129 - trading_bot - INFO - SIMULATED TRADE CLOSED - Profit: -7.00, New Balance: 9858.10
2025-09-16 14:33:49,153 - trading_bot - INFO - SIMULATED TRADE OPENED - BUY at 1.14228 on 2025-08-01 03:00:00 (SL: 1.14178, TP: 1.14328)
2025-09-16 14:33:49,158 - trading_bot - INFO - SIMULATED TRADE CLOSED - Profit: -7.00, New Balance: 9851.10
2025-09-16 14:33:49,164 - trading_bot - INFO - SIMULATED TRADE OPENED - SELL at 1.14108 on 2025-08-01 05:45:00 (SL: 1.14158, TP: 1.14008)
2025-09-16 14:33:49,165 - trading_bot - INFO - SIMULATED TRADE CLOSED - Profit: -7.00, New Balance: 9844.10
2025-09-16 14:33:49,174 - trading_bot - INFO - SIMULATED TRADE OPENED - BUY at 1.142 on 2025-08-01 08:15:00 (SL: 1.14150, TP: 1.14300)
2025-09-16 14:33:49,177 - trading_bot - INFO - SIMULATED TRADE CLOSED - Profit: 8.00, New Balance: 9852.10
2025-09-16 14:33:49,189 - trading_bot - INFO - SIMULATED TRADE OPENED - SELL at 1.14059 on 2025-08-01 11:45:00 (SL: 1.14109, TP: 1.13959)
2025-09-16 14:33:49,197 - trading_bot - INFO - SIMULATED TRADE CLOSED - Profit: -7.00, New Balance: 9845.10
2025-09-16 14:33:49,206 - trading_bot - INFO - SIMULATED TRADE OPENED - BUY at 1.15451 on 2025-08-01 15:45:00 (SL: 1.15401, TP: 1.15551)
2025-09-16 14:33:49,208 - trading_bot - INFO - SIMULATED TRADE CLOSED - Profit: 8.00, New Balance: 9853.10
2025-09-16 14:33:49,226 - trading_bot - INFO - SIMULATED TRADE OPENED - SELL at 1.15214 on 2025-08-01 20:30:00 (SL: 1.15264, TP: 1.15114)
2025-09-16 14:33:49,229 - trading_bot - INFO - SIMULATED TRADE CLOSED - Profit: -7.00, New Balance: 9846.10
2025-09-16 14:33:49,237 - trading_bot - INFO - SIMULATED TRADE OPENED - BUY at 1.1579 on 2025-08-01 23:00:00 (SL: 1.15740, TP: 1.15890)
2025-09-16 14:33:49,241 - trading_bot - INFO - SIMULATED TRADE CLOSED - Profit: 8.00, New Balance: 9854.10
2025-09-16 14:33:49,256 - trading_bot - INFO - SIMULATED TRADE OPENED - SELL at 1.15619 on 2025-08-04 03:30:00 (SL: 1.15669, TP: 1.15519)
2025-09-16 14:33:49,262 - trading_bot - INFO - SIMULATED TRADE CLOSED - Profit: -7.00, New Balance: 9847.10
2025-09-16 14:33:49,270 - trading_bot - INFO - SIMULATED TRADE OPENED - BUY at 1.15794 on 2025-08-04 06:45:00 (SL: 1.15744, TP: 1.15894)
2025-09-16 14:33:49,277 - trading_bot - INFO - SIMULATED TRADE CLOSED - Profit: -7.00, New Balance: 9840.10
2025-09-16 14:33:49,282 - trading_bot - INFO - SIMULATED TRADE OPENED - SELL at 1.1571799999999999 on 2025-08-04 09:45:00 (SL: 1.15768, TP: 1.15618)
2025-09-16 14:33:49,285 - trading_bot - INFO - SIMULATED TRADE CLOSED - Profit: 8.00, New Balance: 9848.10
2025-09-16 14:33:49,300 - trading_bot - INFO - SIMULATED TRADE OPENED - BUY at 1.15829 on 2025-08-04 14:00:00 (SL: 1.15779, TP: 1.15929)
2025-09-16 14:33:49,303 - trading_bot - INFO - SIMULATED TRADE CLOSED - Profit: -7.00, New Balance: 9841.10
2025-09-16 14:33:49,321 - trading_bot - INFO - SIMULATED TRADE OPENED - SELL at 1.15667 on 2025-08-04 18:45:00 (SL: 1.15717, TP: 1.15567)
2025-09-16 14:33:49,325 - trading_bot - INFO - SIMULATED TRADE CLOSED - Profit: -7.00, New Balance: 9834.10
2025-09-16 14:33:49,337 - trading_bot - INFO - SIMULATED TRADE OPENED - BUY at 1.15679 on 2025-08-04 22:30:00 (SL: 1.15629, TP: 1.15779)
2025-09-16 14:33:49,348 - trading_bot - INFO - SIMULATED TRADE CLOSED - Profit: 8.00, New Balance: 9842.10
2025-09-16 14:33:49,364 - trading_bot - INFO - SIMULATED TRADE OPENED - SELL at 1.1561 on 2025-08-05 05:00:00 (SL: 1.15660, TP: 1.15510)
2025-09-16 14:33:49,378 - trading_bot - INFO - SIMULATED TRADE CLOSED - Profit: 8.00, New Balance: 9850.10
2025-09-16 14:33:49,412 - trading_bot - INFO - SIMULATED TRADE OPENED - BUY at 1.15501 on 2025-08-05 16:30:00 (SL: 1.15451, TP: 1.15601)
2025-09-16 14:33:49,413 - trading_bot - INFO - SIMULATED TRADE CLOSED - Profit: -7.00, New Balance: 9843.10
2025-09-16 14:33:49,435 - trading_bot - INFO - SIMULATED TRADE OPENED - SELL at 1.1573 on 2025-08-05 22:45:00 (SL: 1.15780, TP: 1.15630)
2025-09-16 14:33:49,449 - trading_bot - INFO - SIMULATED TRADE CLOSED - Profit: -3.50, New Balance: 9839.60
2025-09-16 14:33:49,450 - trading_bot - INFO - SIMULATED TRADE OPENED - BUY at 1.15745 on 2025-08-06 02:00:00 (SL: 1.15695, TP: 1.15845)
2025-09-16 14:33:49,460 - trading_bot - INFO - SIMULATED TRADE CLOSED - Profit: -7.00, New Balance: 9832.60
2025-09-16 14:33:49,463 - trading_bot - INFO - SIMULATED TRADE OPENED - SELL at 1.15672 on 2025-08-06 04:45:00 (SL: 1.15722, TP: 1.15572)
2025-09-16 14:33:49,468 - trading_bot - INFO - SIMULATED TRADE CLOSED - Profit: -7.00, New Balance: 9825.60
2025-09-16 14:33:49,475 - trading_bot - INFO - SIMULATED TRADE OPENED - BUY at 1.15834 on 2025-08-06 07:30:00 (SL: 1.15784, TP: 1.15934)
2025-09-16 14:33:49,479 - trading_bot - INFO - SIMULATED TRADE CLOSED - Profit: -7.00, New Balance: 9818.60
2025-09-16 14:33:49,492 - trading_bot - INFO - SIMULATED TRADE OPENED - SELL at 1.15807 on 2025-08-06 11:30:00 (SL: 1.15857, TP: 1.15707)
2025-09-16 14:33:49,499 - trading_bot - INFO - SIMULATED TRADE CLOSED - Profit: -7.00, New Balance: 9811.60
2025-09-16 14:33:49,547 - trading_bot - INFO - SIMULATED TRADE OPENED - SELL at 1.16614 on 2025-08-07 01:15:00 (SL: 1.16664, TP: 1.16514)
2025-09-16 14:33:49,550 - trading_bot - INFO - SIMULATED TRADE CLOSED - Profit: 0.50, New Balance: 9812.10
2025-09-16 14:33:49,550 - trading_bot - INFO - SIMULATED TRADE OPENED - BUY at 1.16589 on 2025-08-07 02:00:00 (SL: 1.16539, TP: 1.16689)
2025-09-16 14:33:49,552 - trading_bot - INFO - SIMULATED TRADE CLOSED - Profit: -0.50, New Balance: 9811.60
2025-09-16 14:33:49,552 - trading_bot - INFO - SIMULATED TRADE OPENED - SELL at 1.16604 on 2025-08-07 02:15:00 (SL: 1.16654, TP: 1.16504)
2025-09-16 14:33:49,553 - trading_bot - INFO - SIMULATED TRADE CLOSED - Profit: -3.40, New Balance: 9808.20
2025-09-16 14:33:49,554 - trading_bot - INFO - SIMULATED TRADE OPENED - BUY at 1.16618 on 2025-08-07 02:30:00 (SL: 1.16568, TP: 1.16718)
2025-09-16 14:33:49,557 - trading_bot - INFO - SIMULATED TRADE CLOSED - Profit: -7.00, New Balance: 9801.20
2025-09-16 14:33:49,562 - trading_bot - INFO - SIMULATED TRADE OPENED - SELL at 1.16499 on 2025-08-07 04:15:00 (SL: 1.16549, TP: 1.16399)
2025-09-16 14:33:49,563 - trading_bot - INFO - SIMULATED TRADE CLOSED - Profit: -7.00, New Balance: 9794.20
2025-09-16 14:33:49,573 - trading_bot - INFO - SIMULATED TRADE OPENED - BUY at 1.1663999999999999 on 2025-08-07 06:45:00 (SL: 1.16590, TP: 1.16740)
2025-09-16 14:33:49,581 - trading_bot - INFO - SIMULATED TRADE CLOSED - Profit: 8.00, New Balance: 9802.20
2025-09-16 14:33:49,601 - trading_bot - INFO - SIMULATED TRADE OPENED - SELL at 1.16661 on 2025-08-07 13:30:00 (SL: 1.16711, TP: 1.16561)
2025-09-16 14:33:49,603 - trading_bot - INFO - SIMULATED TRADE CLOSED - Profit: 8.00, New Balance: 9810.20
2025-09-16 14:33:49,632 - trading_bot - INFO - SIMULATED TRADE OPENED - BUY at 1.16355 on 2025-08-07 21:00:00 (SL: 1.16305, TP: 1.16455)
2025-09-16 14:33:49,635 - trading_bot - INFO - SIMULATED TRADE CLOSED - Profit: -7.00, New Balance: 9803.20
2025-09-16 14:33:49,636 - trading_bot - INFO - SIMULATED TRADE OPENED - SELL at 1.16215 on 2025-08-07 21:45:00 (SL: 1.16265, TP: 1.16115)
2025-09-16 14:33:49,640 - trading_bot - INFO - SIMULATED TRADE CLOSED - Profit: -7.00, New Balance: 9796.20
2025-09-16 14:33:49,644 - trading_bot - INFO - SIMULATED TRADE OPENED - BUY at 1.1670099999999999 on 2025-08-07 23:15:00 (SL: 1.16651, TP: 1.16801)
2025-09-16 14:33:49,645 - trading_bot - INFO - SIMULATED TRADE CLOSED - Profit: -7.00, New Balance: 9789.20
2025-09-16 14:33:49,668 - trading_bot - INFO - SIMULATED TRADE OPENED - SELL at 1.16587 on 2025-08-08 05:00:00 (SL: 1.16637, TP: 1.16487)
2025-09-16 14:33:49,681 - trading_bot - INFO - SIMULATED TRADE CLOSED - Profit: 8.00, New Balance: 9797.20
2025-09-16 14:33:49,694 - trading_bot - INFO - SIMULATED TRADE OPENED - BUY at 1.16449 on 2025-08-08 11:30:00 (SL: 1.16399, TP: 1.16549)
2025-09-16 14:33:49,696 - trading_bot - INFO - SIMULATED TRADE CLOSED - Profit: -7.00, New Balance: 9790.20
2025-09-16 14:33:49,699 - trading_bot - INFO - SIMULATED TRADE OPENED - SELL at 1.1637 on 2025-08-08 12:30:00 (SL: 1.16420, TP: 1.16270)
2025-09-16 14:33:49,701 - trading_bot - INFO - SIMULATED TRADE CLOSED - Profit: -7.00, New Balance: 9783.20
2025-09-16 14:33:49,714 - trading_bot - INFO - SIMULATED TRADE OPENED - BUY at 1.16512 on 2025-08-08 16:00:00 (SL: 1.16462, TP: 1.16612)
2025-09-16 14:33:49,724 - trading_bot - INFO - SIMULATED TRADE CLOSED - Profit: 8.00, New Balance: 9791.20
2025-09-16 14:33:49,743 - trading_bot - INFO - SIMULATED TRADE OPENED - SELL at 1.16408 on 2025-08-08 22:30:00 (SL: 1.16458, TP: 1.16308)
2025-09-16 14:33:49,749 - trading_bot - INFO - SIMULATED TRADE CLOSED - Profit: -7.00, New Balance: 9784.20
2025-09-16 14:33:49,759 - trading_bot - INFO - SIMULATED TRADE OPENED - BUY at 1.16486 on 2025-08-11 02:30:00 (SL: 1.16436, TP: 1.16586)
2025-09-16 14:33:49,764 - trading_bot - INFO - SIMULATED TRADE CLOSED - Profit: -7.00, New Balance: 9777.20
2025-09-16 14:33:49,791 - trading_bot - INFO - SIMULATED TRADE OPENED - SELL at 1.16582 on 2025-08-11 10:00:00 (SL: 1.16632, TP: 1.16482)
2025-09-16 14:33:49,795 - trading_bot - INFO - SIMULATED TRADE CLOSED - Profit: 8.00, New Balance: 9785.20
2025-09-16 14:33:49,837 - trading_bot - INFO - SIMULATED TRADE OPENED - BUY at 1.1611 on 2025-08-11 21:30:00 (SL: 1.16060, TP: 1.16210)
2025-09-16 14:33:49,840 - trading_bot - INFO - SIMULATED TRADE CLOSED - Profit: -7.00, New Balance: 9778.20
2025-09-16 14:33:49,884 - trading_bot - INFO - SIMULATED TRADE OPENED - SELL at 1.16109 on 2025-08-12 09:15:00 (SL: 1.16159, TP: 1.16009)
2025-09-16 14:33:49,889 - trading_bot - INFO - SIMULATED TRADE CLOSED - Profit: -7.00, New Balance: 9771.20
2025-09-16 14:33:49,914 - trading_bot - INFO - SIMULATED TRADE OPENED - BUY at 1.16317 on 2025-08-12 16:00:00 (SL: 1.16267, TP: 1.16417)
2025-09-16 14:33:49,915 - trading_bot - INFO - SIMULATED TRADE CLOSED - Profit: -7.00, New Balance: 9764.20
2025-09-16 14:33:49,941 - trading_bot - INFO - SIMULATED TRADE OPENED - SELL at 1.1673 on 2025-08-12 22:30:00 (SL: 1.16780, TP: 1.16630)
2025-09-16 14:33:49,950 - trading_bot - INFO - SIMULATED TRADE CLOSED - Profit: 1.80, New Balance: 9766.00
2025-09-16 14:33:49,950 - trading_bot - INFO - SIMULATED TRADE OPENED - BUY at 1.16692 on 2025-08-13 00:30:00 (SL: 1.16642, TP: 1.16792)
2025-09-16 14:33:49,964 - trading_bot - INFO - SIMULATED TRADE CLOSED - Profit: 8.00, New Balance: 9774.00
2025-09-16 14:33:50,013 - trading_bot - INFO - SIMULATED TRADE OPENED - SELL at 1.17051 on 2025-08-13 15:30:00 (SL: 1.17101, TP: 1.16951)
2025-09-16 14:33:50,020 - trading_bot - INFO - SIMULATED TRADE CLOSED - Profit: -7.00, New Balance: 9767.00
2025-09-16 14:33:50,026 - trading_bot - INFO - SIMULATED TRADE OPENED - BUY at 1.17153 on 2025-08-13 18:30:00 (SL: 1.17103, TP: 1.17253)
2025-09-16 14:33:50,031 - trading_bot - INFO - SIMULATED TRADE CLOSED - Profit: -7.00, New Balance: 9760.00
2025-09-16 14:33:50,037 - trading_bot - INFO - SIMULATED TRADE OPENED - SELL at 1.17012 on 2025-08-13 21:00:00 (SL: 1.17062, TP: 1.16912)
2025-09-16 14:33:50,054 - trading_bot - INFO - SIMULATED TRADE CLOSED - Profit: -5.90, New Balance: 9754.10
2025-09-16 14:33:50,054 - trading_bot - INFO - SIMULATED TRADE OPENED - BUY at 1.17051 on 2025-08-14 01:00:00 (SL: 1.17001, TP: 1.17151)
2025-09-16 14:33:50,077 - trading_bot - INFO - SIMULATED TRADE CLOSED - Profit: -5.20, New Balance: 9748.90
2025-09-16 14:33:50,077 - trading_bot - INFO - SIMULATED TRADE OPENED - SELL at 1.17019 on 2025-08-14 06:15:00 (SL: 1.17069, TP: 1.16919)
2025-09-16 14:33:50,091 - trading_bot - INFO - SIMULATED TRADE CLOSED - Profit: 8.00, New Balance: 9756.90
2025-09-16 14:33:50,111 - trading_bot - INFO - SIMULATED TRADE OPENED - BUY at 1.16854 on 2025-08-14 14:15:00 (SL: 1.16804, TP: 1.16954)
2025-09-16 14:33:50,115 - trading_bot - INFO - SIMULATED TRADE CLOSED - Profit: -7.00, New Balance: 9749.90
2025-09-16 14:33:50,120 - trading_bot - INFO - SIMULATED TRADE OPENED - SELL at 1.16523 on 2025-08-14 16:15:00 (SL: 1.16573, TP: 1.16423)
2025-09-16 14:33:50,124 - trading_bot - INFO - SIMULATED TRADE CLOSED - Profit: -7.00, New Balance: 9742.90
2025-09-16 14:33:50,149 - trading_bot - INFO - SIMULATED TRADE OPENED - BUY at 1.16493 on 2025-08-14 23:00:00 (SL: 1.16443, TP: 1.16593)
2025-09-16 14:33:50,177 - trading_bot - INFO - SIMULATED TRADE CLOSED - Profit: 8.00, New Balance: 9750.90
2025-09-16 14:33:50,235 - trading_bot - INFO - SIMULATED TRADE OPENED - SELL at 1.17036 on 2025-08-15 21:00:00 (SL: 1.17086, TP: 1.16936)
2025-09-16 14:33:50,248 - trading_bot - INFO - SIMULATED TRADE CLOSED - Profit: -7.00, New Balance: 9743.90
2025-09-16 14:33:50,249 - trading_bot - INFO - SIMULATED TRADE OPENED - BUY at 1.17083 on 2025-08-18 00:15:00 (SL: 1.17033, TP: 1.17183)
2025-09-16 14:33:50,263 - trading_bot - INFO - SIMULATED TRADE CLOSED - Profit: -7.00, New Balance: 9736.90
2025-09-16 14:33:50,265 - trading_bot - INFO - SIMULATED TRADE OPENED - SELL at 1.16968 on 2025-08-18 04:00:00 (SL: 1.17018, TP: 1.16868)
2025-09-16 14:33:50,269 - trading_bot - INFO - SIMULATED TRADE CLOSED - Profit: -7.00, New Balance: 9729.90
2025-09-16 14:33:50,281 - trading_bot - INFO - SIMULATED TRADE OPENED - BUY at 1.17079 on 2025-08-18 07:45:00 (SL: 1.17029, TP: 1.17179)
2025-09-16 14:33:50,287 - trading_bot - INFO - SIMULATED TRADE CLOSED - Profit: -7.00, New Balance: 9722.90
2025-09-16 14:33:50,291 - trading_bot - INFO - SIMULATED TRADE OPENED - SELL at 1.17007 on 2025-08-18 10:00:00 (SL: 1.17057, TP: 1.16907)
2025-09-16 14:33:50,296 - trading_bot - INFO - SIMULATED TRADE CLOSED - Profit: 8.00, New Balance: 9730.90
2025-09-16 14:33:50,357 - trading_bot - INFO - SIMULATED TRADE OPENED - BUY at 1.16669 on 2025-08-18 23:00:00 (SL: 1.16619, TP: 1.16769)
2025-09-16 14:33:50,362 - trading_bot - INFO - SIMULATED TRADE CLOSED - Profit: -7.00, New Balance: 9723.90
2025-09-16 14:33:50,369 - trading_bot - INFO - SIMULATED TRADE OPENED - SELL at 1.16724 on 2025-08-19 01:00:00 (SL: 1.16774, TP: 1.16624)
2025-09-16 14:33:50,378 - trading_bot - INFO - SIMULATED TRADE CLOSED - Profit: 6.30, New Balance: 9730.20
2025-09-16 14:33:50,379 - trading_bot - INFO - SIMULATED TRADE OPENED - BUY at 1.16641 on 2025-08-19 02:30:00 (SL: 1.16591, TP: 1.16741)
2025-09-16 14:33:50,386 - trading_bot - INFO - SIMULATED TRADE CLOSED - Profit: -7.00, New Balance: 9723.20
2025-09-16 14:33:50,390 - trading_bot - INFO - SIMULATED TRADE OPENED - SELL at 1.16429 on 2025-08-19 04:15:00 (SL: 1.16479, TP: 1.16329)
2025-09-16 14:33:50,392 - trading_bot - INFO - SIMULATED TRADE CLOSED - Profit: -7.00, New Balance: 9716.20
2025-09-16 14:33:50,409 - trading_bot - INFO - SIMULATED TRADE OPENED - BUY at 1.16649 on 2025-08-19 08:15:00 (SL: 1.16599, TP: 1.16749)
2025-09-16 14:33:50,412 - trading_bot - INFO - SIMULATED TRADE CLOSED - Profit: -7.00, New Balance: 9709.20
2025-09-16 14:33:50,444 - trading_bot - INFO - SIMULATED TRADE OPENED - SELL at 1.16721 on 2025-08-19 16:30:00 (SL: 1.16771, TP: 1.16621)
2025-09-16 14:33:50,453 - trading_bot - INFO - SIMULATED TRADE CLOSED - Profit: 8.00, New Balance: 9717.20
2025-09-16 14:33:50,485 - trading_bot - INFO - SIMULATED TRADE OPENED - BUY at 1.16421 on 2025-08-20 02:15:00 (SL: 1.16371, TP: 1.16521)
2025-09-16 14:33:50,487 - trading_bot - INFO - SIMULATED TRADE CLOSED - Profit: -3.20, New Balance: 9714.00
2025-09-16 14:33:50,488 - trading_bot - INFO - SIMULATED TRADE OPENED - SELL at 1.16409 on 2025-08-20 02:45:00 (SL: 1.16459, TP: 1.16309)
2025-09-16 14:33:50,494 - trading_bot - INFO - SIMULATED TRADE CLOSED - Profit: 8.00, New Balance: 9722.00
2025-09-16 14:33:50,509 - trading_bot - INFO - SIMULATED TRADE OPENED - BUY at 1.1634 on 2025-08-20 08:00:00 (SL: 1.16290, TP: 1.16440)
2025-09-16 14:33:50,514 - trading_bot - INFO - SIMULATED TRADE CLOSED - Profit: -7.00, New Balance: 9715.00
2025-09-16 14:33:50,559 - trading_bot - INFO - SIMULATED TRADE OPENED - SELL at 1.16583 on 2025-08-20 19:30:00 (SL: 1.16633, TP: 1.16483)
2025-09-16 14:33:50,562 - trading_bot - INFO - SIMULATED TRADE CLOSED - Profit: -7.00, New Balance: 9708.00
2025-09-16 14:33:50,567 - trading_bot - INFO - SIMULATED TRADE OPENED - BUY at 1.16575 on 2025-08-20 21:15:00 (SL: 1.16525, TP: 1.16675)
2025-09-16 14:33:50,573 - trading_bot - INFO - SIMULATED TRADE CLOSED - Profit: -7.00, New Balance: 9701.00
2025-09-16 14:33:50,575 - trading_bot - INFO - SIMULATED TRADE OPENED - SELL at 1.16485 on 2025-08-20 23:00:00 (SL: 1.16535, TP: 1.16385)
2025-09-16 14:33:50,617 - trading_bot - INFO - SIMULATED TRADE CLOSED - Profit: 8.00, New Balance: 9709.00
2025-09-16 14:33:50,631 - trading_bot - INFO - SIMULATED TRADE OPENED - BUY at 1.1654200000000001 on 2025-08-21 11:45:00 (SL: 1.16492, TP: 1.16642)
2025-09-16 14:33:50,642 - trading_bot - INFO - SIMULATED TRADE CLOSED - Profit: -7.00, New Balance: 9702.00
2025-09-16 14:33:50,651 - trading_bot - INFO - SIMULATED TRADE OPENED - SELL at 1.16417 on 2025-08-21 15:00:00 (SL: 1.16467, TP: 1.16317)
2025-09-16 14:33:50,656 - trading_bot - INFO - SIMULATED TRADE CLOSED - Profit: -7.00, New Balance: 9695.00
2025-09-16 14:33:50,699 - trading_bot - INFO - SIMULATED TRADE OPENED - BUY at 1.16095 on 2025-08-22 02:00:00 (SL: 1.16045, TP: 1.16195)
2025-09-16 14:33:50,714 - trading_bot - INFO - SIMULATED TRADE CLOSED - Profit: -6.30, New Balance: 9688.70
2025-09-16 14:33:50,715 - trading_bot - INFO - SIMULATED TRADE OPENED - SELL at 1.16052 on 2025-08-22 06:00:00 (SL: 1.16102, TP: 1.15952)
2025-09-16 14:33:50,719 - trading_bot - INFO - SIMULATED TRADE CLOSED - Profit: 8.00, New Balance: 9696.70
2025-09-16 14:33:50,738 - trading_bot - INFO - SIMULATED TRADE OPENED - BUY at 1.15956 on 2025-08-22 11:00:00 (SL: 1.15906, TP: 1.16056)
2025-09-16 14:33:50,755 - trading_bot - INFO - SIMULATED TRADE CLOSED - Profit: 8.00, New Balance: 9704.70
2025-09-16 14:33:50,790 - trading_bot - INFO - SIMULATED TRADE OPENED - SELL at 1.17216 on 2025-08-22 23:15:00 (SL: 1.17266, TP: 1.17116)
2025-09-16 14:33:50,799 - trading_bot - INFO - SIMULATED TRADE CLOSED - Profit: 8.00, New Balance: 9712.70
2025-09-16 14:33:50,824 - trading_bot - INFO - SIMULATED TRADE OPENED - BUY at 1.17051 on 2025-08-25 07:30:00 (SL: 1.17001, TP: 1.17151)
2025-09-16 14:33:50,830 - trading_bot - INFO - SIMULATED TRADE CLOSED - Profit: -7.00, New Balance: 9705.70
2025-09-16 14:33:50,844 - trading_bot - INFO - SIMULATED TRADE OPENED - SELL at 1.16986 on 2025-08-25 12:00:00 (SL: 1.17036, TP: 1.16886)
2025-09-16 14:33:50,849 - trading_bot - INFO - SIMULATED TRADE CLOSED - Profit: 8.00, New Balance: 9713.70
2025-09-16 14:33:50,863 - trading_bot - INFO - SIMULATED TRADE OPENED - BUY at 1.16961 on 2025-08-25 16:15:00 (SL: 1.16911, TP: 1.17061)
2025-09-16 14:33:50,870 - trading_bot - INFO - SIMULATED TRADE CLOSED - Profit: -7.00, New Balance: 9706.70
2025-09-16 14:33:50,874 - trading_bot - INFO - SIMULATED TRADE OPENED - SELL at 1.16687 on 2025-08-25 18:45:00 (SL: 1.16737, TP: 1.16587)
2025-09-16 14:33:50,878 - trading_bot - INFO - SIMULATED TRADE CLOSED - Profit: 8.00, New Balance: 9714.70
2025-09-16 14:33:50,908 - trading_bot - INFO - SIMULATED TRADE OPENED - BUY at 1.16138 on 2025-08-26 02:30:00 (SL: 1.16088, TP: 1.16238)
2025-09-16 14:33:50,911 - trading_bot - INFO - SIMULATED TRADE CLOSED - Profit: 8.00, New Balance: 9722.70
2025-09-16 14:33:50,929 - trading_bot - INFO - SIMULATED TRADE OPENED - SELL at 1.1630099999999999 on 2025-08-26 07:15:00 (SL: 1.16351, TP: 1.16201)
2025-09-16 14:33:50,935 - trading_bot - INFO - SIMULATED TRADE CLOSED - Profit: -7.00, New Balance: 9715.70
2025-09-16 14:33:50,955 - trading_bot - INFO - SIMULATED TRADE OPENED - BUY at 1.16429 on 2025-08-26 13:15:00 (SL: 1.16379, TP: 1.16529)
2025-09-16 14:33:50,960 - trading_bot - INFO - SIMULATED TRADE CLOSED - Profit: 8.00, New Balance: 9723.70
2025-09-16 14:33:50,986 - trading_bot - INFO - SIMULATED TRADE OPENED - SELL at 1.16373 on 2025-08-26 20:45:00 (SL: 1.16423, TP: 1.16273)
2025-09-16 14:33:50,991 - trading_bot - INFO - SIMULATED TRADE CLOSED - Profit: -7.00, New Balance: 9716.70
2025-09-16 14:33:51,006 - trading_bot - INFO - SIMULATED TRADE OPENED - BUY at 1.16442 on 2025-08-27 01:30:00 (SL: 1.16392, TP: 1.16542)
2025-09-16 14:33:51,012 - trading_bot - INFO - SIMULATED TRADE CLOSED - Profit: -7.00, New Balance: 9709.70
2025-09-16 14:33:51,016 - trading_bot - INFO - SIMULATED TRADE OPENED - SELL at 1.16365 on 2025-08-27 03:30:00 (SL: 1.16415, TP: 1.16265)
2025-09-16 14:33:51,023 - trading_bot - INFO - SIMULATED TRADE CLOSED - Profit: 8.00, New Balance: 9717.70
2025-09-16 14:33:51,070 - trading_bot - INFO - SIMULATED TRADE OPENED - BUY at 1.15849 on 2025-08-27 16:30:00 (SL: 1.15799, TP: 1.15949)
2025-09-16 14:33:51,072 - trading_bot - INFO - SIMULATED TRADE CLOSED - Profit: 8.00, New Balance: 9725.70
2025-09-16 14:33:51,134 - trading_bot - INFO - SIMULATED TRADE OPENED - SELL at 1.16393 on 2025-08-28 07:45:00 (SL: 1.16443, TP: 1.16293)
2025-09-16 14:33:51,151 - trading_bot - INFO - SIMULATED TRADE CLOSED - Profit: -7.00, New Balance: 9718.70
2025-09-16 14:33:51,153 - trading_bot - INFO - SIMULATED TRADE OPENED - BUY at 1.16461 on 2025-08-28 12:15:00 (SL: 1.16411, TP: 1.16561)
2025-09-16 14:33:51,157 - trading_bot - INFO - SIMULATED TRADE CLOSED - Profit: 8.00, New Balance: 9726.70
2025-09-16 14:33:51,201 - trading_bot - INFO - SIMULATED TRADE OPENED - SELL at 1.16812 on 2025-08-28 23:45:00 (SL: 1.16862, TP: 1.16712)
2025-09-16 14:33:51,220 - trading_bot - INFO - SIMULATED TRADE CLOSED - Profit: 8.00, New Balance: 9734.70
2025-09-16 14:33:51,240 - trading_bot - INFO - SIMULATED TRADE OPENED - BUY at 1.16684 on 2025-08-29 09:15:00 (SL: 1.16634, TP: 1.16784)
2025-09-16 14:33:51,251 - trading_bot - INFO - SIMULATED TRADE CLOSED - Profit: 8.00, New Balance: 9742.70
2025-09-16 14:33:51,264 - trading_bot - INFO - SIMULATED TRADE OPENED - SELL at 1.16622 on 2025-08-29 14:30:00 (SL: 1.16672, TP: 1.16522)
2025-09-16 14:33:51,274 - trading_bot - INFO - SIMULATED TRADE CLOSED - Profit: -7.00, New Balance: 9735.70
2025-09-16 14:33:51,279 - trading_bot - INFO - SIMULATED TRADE OPENED - BUY at 1.17039 on 2025-08-29 17:45:00 (SL: 1.16989, TP: 1.17139)
2025-09-16 14:33:51,281 - trading_bot - INFO - SIMULATED TRADE CLOSED - Profit: -7.00, New Balance: 9728.70
2025-09-16 14:33:51,300 - trading_bot - INFO - SIMULATED TRADE OPENED - SELL at 1.16953 on 2025-08-29 22:15:00 (SL: 1.17003, TP: 1.16853)
2025-09-16 14:33:51,307 - trading_bot - INFO - SIMULATED TRADE CLOSED - Profit: 8.00, New Balance: 9736.70
2025-09-16 14:33:51,327 - trading_bot - INFO - SIMULATED TRADE OPENED - BUY at 1.16923 on 2025-09-01 04:00:00 (SL: 1.16873, TP: 1.17023)
2025-09-16 14:33:51,332 - trading_bot - INFO - SIMULATED TRADE CLOSED - Profit: 8.00, New Balance: 9744.70
2025-09-16 14:33:51,371 - trading_bot - INFO - SIMULATED TRADE OPENED - SELL at 1.17254 on 2025-09-01 14:15:00 (SL: 1.17304, TP: 1.17154)
2025-09-16 14:33:51,373 - trading_bot - INFO - SIMULATED TRADE CLOSED - Profit: 8.00, New Balance: 9752.70
2025-09-16 14:33:51,405 - trading_bot - INFO - SIMULATED TRADE OPENED - BUY at 1.17112 on 2025-09-01 22:30:00 (SL: 1.17062, TP: 1.17212)
2025-09-16 14:33:51,412 - trading_bot - INFO - SIMULATED TRADE CLOSED - Profit: -7.00, New Balance: 9745.70
2025-09-16 14:33:51,422 - trading_bot - INFO - SIMULATED TRADE OPENED - SELL at 1.17124 on 2025-09-02 02:15:00 (SL: 1.17174, TP: 1.17024)
2025-09-16 14:33:51,423 - trading_bot - INFO - SIMULATED TRADE CLOSED - Profit: -4.40, New Balance: 9741.30
2025-09-16 14:33:51,424 - trading_bot - INFO - SIMULATED TRADE OPENED - BUY at 1.17148 on 2025-09-02 02:30:00 (SL: 1.17098, TP: 1.17248)
2025-09-16 14:33:51,426 - trading_bot - INFO - SIMULATED TRADE CLOSED - Profit: -7.00, New Balance: 9734.30
2025-09-16 14:33:51,431 - trading_bot - INFO - SIMULATED TRADE OPENED - SELL at 1.17026 on 2025-09-02 04:00:00 (SL: 1.17076, TP: 1.16926)
2025-09-16 14:33:51,444 - trading_bot - INFO - SIMULATED TRADE CLOSED - Profit: 8.00, New Balance: 9742.30
2025-09-16 14:33:51,457 - trading_bot - INFO - SIMULATED TRADE OPENED - BUY at 1.16845 on 2025-09-02 10:00:00 (SL: 1.16795, TP: 1.16945)
2025-09-16 14:33:51,459 - trading_bot - INFO - SIMULATED TRADE CLOSED - Profit: -7.00, New Balance: 9735.30
2025-09-16 14:33:51,461 - trading_bot - INFO - SIMULATED TRADE OPENED - SELL at 1.16714 on 2025-09-02 10:30:00 (SL: 1.16764, TP: 1.16614)
2025-09-16 14:33:51,462 - trading_bot - INFO - SIMULATED TRADE CLOSED - Profit: 8.00, New Balance: 9743.30
2025-09-16 14:33:51,490 - trading_bot - INFO - SIMULATED TRADE OPENED - BUY at 1.16776 on 2025-09-02 17:00:00 (SL: 1.16726, TP: 1.16876)
2025-09-16 14:33:51,491 - trading_bot - INFO - SIMULATED TRADE CLOSED - Profit: -7.00, New Balance: 9736.30
2025-09-16 14:33:51,507 - trading_bot - INFO - SIMULATED TRADE OPENED - SELL at 1.16419 on 2025-09-02 20:45:00 (SL: 1.16469, TP: 1.16319)
2025-09-16 14:33:51,510 - trading_bot - INFO - SIMULATED TRADE CLOSED - Profit: 8.00, New Balance: 9744.30
2025-09-16 14:33:51,524 - trading_bot - INFO - SIMULATED TRADE OPENED - BUY at 1.16405 on 2025-09-03 00:45:00 (SL: 1.16355, TP: 1.16505)
2025-09-16 14:33:51,530 - trading_bot - INFO - SIMULATED TRADE CLOSED - Profit: -7.00, New Balance: 9737.30
2025-09-16 14:33:51,535 - trading_bot - INFO - SIMULATED TRADE OPENED - SELL at 1.16288 on 2025-09-03 03:00:00 (SL: 1.16338, TP: 1.16188)
2025-09-16 14:33:51,562 - trading_bot - INFO - SIMULATED TRADE CLOSED - Profit: -7.00, New Balance: 9730.30
2025-09-16 14:33:51,592 - trading_bot - INFO - SIMULATED TRADE OPENED - SELL at 1.16477 on 2025-09-03 15:45:00 (SL: 1.16527, TP: 1.16377)
2025-09-16 14:33:51,599 - trading_bot - INFO - SIMULATED TRADE CLOSED - Profit: -7.00, New Balance: 9723.30
2025-09-16 14:33:51,601 - trading_bot - INFO - SIMULATED TRADE OPENED - BUY at 1.16758 on 2025-09-03 17:15:00 (SL: 1.16708, TP: 1.16858)
2025-09-16 14:33:51,604 - trading_bot - INFO - SIMULATED TRADE CLOSED - Profit: -7.00, New Balance: 9716.30
2025-09-16 14:33:51,622 - trading_bot - INFO - SIMULATED TRADE OPENED - SELL at 1.16612 on 2025-09-03 21:45:00 (SL: 1.16662, TP: 1.16512)
2025-09-16 14:33:51,645 - trading_bot - INFO - SIMULATED TRADE CLOSED - Profit: -1.20, New Balance: 9715.10
2025-09-16 14:33:51,645 - trading_bot - INFO - SIMULATED TRADE OPENED - BUY at 1.16604 on 2025-09-04 02:45:00 (SL: 1.16554, TP: 1.16704)
2025-09-16 14:33:51,651 - trading_bot - INFO - SIMULATED TRADE CLOSED - Profit: -7.00, New Balance: 9708.10
2025-09-16 14:33:51,677 - trading_bot - INFO - SIMULATED TRADE OPENED - BUY at 1.16526 on 2025-09-04 10:00:00 (SL: 1.16476, TP: 1.16626)
2025-09-16 14:33:51,685 - trading_bot - INFO - SIMULATED TRADE CLOSED - Profit: 2.60, New Balance: 9710.70
2025-09-16 14:33:51,685 - trading_bot - INFO - SIMULATED TRADE OPENED - SELL at 1.16572 on 2025-09-04 11:45:00 (SL: 1.16622, TP: 1.16472)
2025-09-16 14:33:51,688 - trading_bot - INFO - SIMULATED TRADE CLOSED - Profit: 8.00, New Balance: 9718.70
2025-09-16 14:33:51,731 - trading_bot - INFO - SIMULATED TRADE OPENED - BUY at 1.1647 on 2025-09-04 22:15:00 (SL: 1.16420, TP: 1.16570)
2025-09-16 14:33:51,753 - trading_bot - INFO - SIMULATED TRADE CLOSED - Profit: 8.00, New Balance: 9726.70
2025-09-16 14:33:51,830 - trading_bot - INFO - SIMULATED TRADE OPENED - SELL at 1.17192 on 2025-09-05 21:15:00 (SL: 1.17242, TP: 1.17092)
2025-09-16 14:33:51,846 - trading_bot - INFO - SIMULATED TRADE CLOSED - Profit: 8.00, New Balance: 9734.70
2025-09-16 14:33:51,866 - trading_bot - INFO - SIMULATED TRADE OPENED - BUY at 1.17124 on 2025-09-08 05:30:00 (SL: 1.17074, TP: 1.17224)
2025-09-16 14:33:51,873 - trading_bot - INFO - SIMULATED TRADE CLOSED - Profit: -7.00, New Balance: 9727.70
2025-09-16 14:33:51,903 - trading_bot - INFO - SIMULATED TRADE OPENED - SELL at 1.17309 on 2025-09-08 14:00:00 (SL: 1.17359, TP: 1.17209)
2025-09-16 14:33:51,912 - trading_bot - INFO - SIMULATED TRADE CLOSED - Profit: -7.00, New Balance: 9720.70
2025-09-16 14:33:51,935 - trading_bot - INFO - SIMULATED TRADE OPENED - SELL at 1.17395 on 2025-09-08 20:45:00 (SL: 1.17445, TP: 1.17295)
2025-09-16 14:33:51,937 - trading_bot - INFO - SIMULATED TRADE CLOSED - Profit: -7.00, New Balance: 9713.70
2025-09-16 14:33:51,941 - trading_bot - INFO - SIMULATED TRADE OPENED - BUY at 1.17643 on 2025-09-08 22:00:00 (SL: 1.17593, TP: 1.17743)
2025-09-16 14:33:51,952 - trading_bot - INFO - SIMULATED TRADE CLOSED - Profit: -7.00, New Balance: 9706.70
2025-09-16 14:33:51,985 - trading_bot - INFO - SIMULATED TRADE OPENED - SELL at 1.17689 on 2025-09-09 07:15:00 (SL: 1.17739, TP: 1.17589)
2025-09-16 14:33:51,988 - trading_bot - INFO - SIMULATED TRADE CLOSED - Profit: -7.00, New Balance: 9699.70
2025-09-16 14:33:51,993 - trading_bot - INFO - SIMULATED TRADE OPENED - BUY at 1.17741 on 2025-09-09 09:00:00 (SL: 1.17691, TP: 1.17841)
2025-09-16 14:33:51,994 - trading_bot - INFO - SIMULATED TRADE CLOSED - Profit: -7.00, New Balance: 9692.70
2025-09-16 14:33:52,002 - trading_bot - INFO - SIMULATED TRADE OPENED - SELL at 1.17526 on 2025-09-09 10:45:00 (SL: 1.17576, TP: 1.17426)
2025-09-16 14:33:52,006 - trading_bot - INFO - SIMULATED TRADE CLOSED - Profit: -7.00, New Balance: 9685.70
2025-09-16 14:33:52,017 - trading_bot - INFO - SIMULATED TRADE OPENED - BUY at 1.17522 on 2025-09-09 14:00:00 (SL: 1.17472, TP: 1.17622)
2025-09-16 14:33:52,021 - trading_bot - INFO - SIMULATED TRADE CLOSED - Profit: -7.00, New Balance: 9678.70
2025-09-16 14:33:52,067 - trading_bot - INFO - SIMULATED TRADE OPENED - BUY at 1.17113 on 2025-09-10 01:30:00 (SL: 1.17063, TP: 1.17213)
2025-09-16 14:33:52,071 - trading_bot - INFO - SIMULATED TRADE CLOSED - Profit: -7.00, New Balance: 9671.70
2025-09-16 14:33:52,074 - trading_bot - INFO - SIMULATED TRADE OPENED - SELL at 1.17 on 2025-09-10 03:00:00 (SL: 1.17050, TP: 1.16900)
2025-09-16 14:33:52,080 - trading_bot - INFO - SIMULATED TRADE CLOSED - Profit: 8.00, New Balance: 9679.70
2025-09-16 14:33:52,091 - trading_bot - INFO - SIMULATED TRADE OPENED - BUY at 1.17084 on 2025-09-10 06:30:00 (SL: 1.17034, TP: 1.17184)
2025-09-16 14:33:52,105 - trading_bot - INFO - SIMULATED TRADE CLOSED - Profit: -7.00, New Balance: 9672.70
2025-09-16 14:33:52,109 - trading_bot - INFO - SIMULATED TRADE OPENED - SELL at 1.17058 on 2025-09-10 10:30:00 (SL: 1.17108, TP: 1.16958)
2025-09-16 14:33:52,113 - trading_bot - INFO - SIMULATED TRADE CLOSED - Profit: 8.00, New Balance: 9680.70
2025-09-16 14:33:52,125 - trading_bot - INFO - SIMULATED TRADE OPENED - BUY at 1.17007 on 2025-09-10 14:00:00 (SL: 1.16957, TP: 1.17107)
2025-09-16 14:33:52,131 - trading_bot - INFO - SIMULATED TRADE CLOSED - Profit: -7.00, New Balance: 9673.70
2025-09-16 14:33:52,138 - trading_bot - INFO - SIMULATED TRADE OPENED - BUY at 1.17199 on 2025-09-10 16:45:00 (SL: 1.17149, TP: 1.17299)
2025-09-16 14:33:52,147 - trading_bot - INFO - SIMULATED TRADE CLOSED - Profit: -7.00, New Balance: 9666.70
2025-09-16 14:33:52,155 - trading_bot - INFO - SIMULATED TRADE OPENED - SELL at 1.17033 on 2025-09-10 20:30:00 (SL: 1.17083, TP: 1.16933)
2025-09-16 14:33:52,159 - trading_bot - INFO - SIMULATED TRADE CLOSED - Profit: -7.00, New Balance: 9659.70
2025-09-16 14:33:52,182 - trading_bot - INFO - SIMULATED TRADE OPENED - BUY at 1.17021 on 2025-09-11 02:30:00 (SL: 1.16971, TP: 1.17121)
2025-09-16 14:33:52,188 - trading_bot - INFO - SIMULATED TRADE CLOSED - Profit: -7.00, New Balance: 9652.70
2025-09-16 14:33:52,194 - trading_bot - INFO - SIMULATED TRADE OPENED - SELL at 1.16988 on 2025-09-11 05:00:00 (SL: 1.17038, TP: 1.16888)
2025-09-16 14:33:52,212 - trading_bot - INFO - SIMULATED TRADE CLOSED - Profit: 8.00, New Balance: 9660.70
2025-09-16 14:33:52,243 - trading_bot - INFO - SIMULATED TRADE OPENED - BUY at 1.17286 on 2025-09-11 16:00:00 (SL: 1.17236, TP: 1.17386)
2025-09-16 14:33:52,247 - trading_bot - INFO - SIMULATED TRADE CLOSED - Profit: 8.00, New Balance: 9668.70
2025-09-16 14:33:52,268 - trading_bot - INFO - SIMULATED TRADE OPENED - SELL at 1.1733 on 2025-09-11 21:30:00 (SL: 1.17380, TP: 1.17230)
2025-09-16 14:33:52,275 - trading_bot - INFO - SIMULATED TRADE CLOSED - Profit: -6.90, New Balance: 9661.80
2025-09-16 14:33:52,275 - trading_bot - INFO - SIMULATED TRADE OPENED - BUY at 1.17379 on 2025-09-11 23:00:00 (SL: 1.17329, TP: 1.17479)
2025-09-16 14:33:52,280 - trading_bot - INFO - SIMULATED TRADE CLOSED - Profit: -7.00, New Balance: 9654.80
2025-09-16 14:33:52,296 - trading_bot - INFO - SIMULATED TRADE OPENED - SELL at 1.17296 on 2025-09-12 03:30:00 (SL: 1.17346, TP: 1.17196)
2025-09-16 14:33:52,322 - trading_bot - INFO - SIMULATED TRADE CLOSED - Profit: 3.00, New Balance: 9657.80
2025-09-16 14:33:52,323 - trading_bot - INFO - SIMULATED TRADE OPENED - BUY at 1.17246 on 2025-09-12 09:15:00 (SL: 1.17196, TP: 1.17346)
2025-09-16 14:33:52,325 - trading_bot - INFO - SIMULATED TRADE CLOSED - Profit: 8.00, New Balance: 9665.80
2025-09-16 14:33:52,337 - trading_bot - INFO - SIMULATED TRADE OPENED - SELL at 1.17167 on 2025-09-12 12:30:00 (SL: 1.17217, TP: 1.17067)
2025-09-16 14:33:52,339 - trading_bot - INFO - SIMULATED TRADE CLOSED - Profit: -7.00, New Balance: 9658.80
2025-09-16 14:33:52,367 - trading_bot - INFO - SIMULATED TRADE OPENED - BUY at 1.17129 on 2025-09-12 19:00:00 (SL: 1.17079, TP: 1.17229)
2025-09-16 14:33:52,370 - trading_bot - INFO - SIMULATED TRADE CLOSED - Profit: 8.00, New Balance: 9666.80
2025-09-16 14:33:52,391 - trading_bot - INFO - SIMULATED TRADE OPENED - SELL at 1.173 on 2025-09-15 00:30:00 (SL: 1.17350, TP: 1.17200)
2025-09-16 14:33:52,419 - trading_bot - INFO - SIMULATED TRADE CLOSED - Profit: -3.90, New Balance: 9662.90
2025-09-16 14:33:52,419 - trading_bot - INFO - SIMULATED TRADE OPENED - BUY at 1.17319 on 2025-09-15 06:30:00 (SL: 1.17269, TP: 1.17419)
2025-09-16 14:33:52,430 - trading_bot - INFO - SIMULATED TRADE CLOSED - Profit: -7.00, New Balance: 9655.90
2025-09-16 14:33:52,434 - trading_bot - INFO - SIMULATED TRADE OPENED - SELL at 1.17249 on 2025-09-15 09:45:00 (SL: 1.17299, TP: 1.17149)
2025-09-16 14:33:52,436 - trading_bot - INFO - SIMULATED TRADE CLOSED - Profit: -7.00, New Balance: 9648.90
2025-09-16 14:33:52,443 - trading_bot - INFO - SIMULATED TRADE OPENED - BUY at 1.1736900000000001 on 2025-09-15 11:45:00 (SL: 1.17319, TP: 1.17469)
2025-09-16 14:33:52,446 - trading_bot - INFO - SIMULATED TRADE CLOSED - Profit: 8.00, New Balance: 9656.90
2025-09-16 14:33:52,472 - trading_bot - INFO - SIMULATED TRADE OPENED - SELL at 1.17649 on 2025-09-15 18:15:00 (SL: 1.17699, TP: 1.17549)
2025-09-16 14:33:52,475 - trading_bot - INFO - SIMULATED TRADE CLOSED - Profit: -7.00, New Balance: 9649.90
2025-09-16 14:33:52,480 - trading_bot - INFO - SIMULATED TRADE OPENED - BUY at 1.17587 on 2025-09-15 19:45:00 (SL: 1.17537, TP: 1.17687)
2025-09-16 14:33:52,485 - trading_bot - INFO - SIMULATED TRADE CLOSED - Profit: 8.00, New Balance: 9657.90
2025-09-16 14:33:52,501 - trading_bot - INFO - SIMULATED TRADE OPENED - SELL at 1.17648 on 2025-09-16 00:15:00 (SL: 1.17698, TP: 1.17548)
2025-09-16 14:33:52,524 - trading_bot - INFO - SIMULATED TRADE CLOSED - Profit: -7.00, New Balance: 9650.90
2025-09-16 14:33:52,527 - trading_bot - INFO - SIMULATED TRADE OPENED - BUY at 1.17725 on 2025-09-16 05:30:00 (SL: 1.17675, TP: 1.17825)
2025-09-16 14:33:52,531 - trading_bot - INFO - SIMULATED TRADE CLOSED - Profit: 8.00, New Balance: 9658.90
2025-09-16 14:33:52,564 - trading_bot - INFO - Backtest finished. Final Balance: 9658.90
2025-09-16 14:33:52,564 - trading_bot - INFO - MetaTrader 5 connection shut down.
